<?xml version="1.0" encoding="UTF-8"?>
<!-- Generated by org.testng.reporters.JUnitReportReporter -->
<testsuite hostname="DESKTOP-QET7T1V" failures="0" tests="2" name="NSDLTraining.CalculatorAPI.TestingSubtractionTestCases" time="0.008" errors="0" timestamp="2022-10-16T11:24:46 GMT+03:00" skipped="0">
  <testcase classname="NSDLTraining.CalculatorAPI.TestingSubtractionTestCases" name="TestSubtractionWithPositiveNumbers" time="0.008"/>
  <system-out/>
  <testcase classname="NSDLTraining.CalculatorAPI.TestingSubtractionTestCases" name="TestSubtractionWith1Positive1NegativeNumbers" time="0.000"/>
  <system-out/>
</testsuite> <!-- NSDLTraining.CalculatorAPI.TestingSubtractionTestCases -->
